app/build/intermediates/manifest_merge_blame_file/_sharp_R3_9_0_0_Debug/manifest-merger-blame-_sharp_R3-_9_0_0_-debug-report.txt
1<?xml version="1.0" encoding="utf-8"?>
2<manifest xmlns:android="http://schemas.android.com/apk/res/android"
3    package="com.style.framework"
4    android:versionCode="7"
5    android:versionName="1.1.7" >
6
7    <uses-sdk
8        android:minSdkVersion="21"
8-->src\main\AndroidManifest.xml
9        android:targetSdkVersion="33" />
9-->src\main\AndroidManifest.xml
10
11    <uses-permission android:name="android.permission.INTERNET" />
11-->src\main\AndroidManifest.xml:5:5-67
11-->src\main\AndroidManifest.xml:5:22-64
12    <uses-permission android:name="android.permission.WRITE_EXTERNAL_STORAGE" />
12-->src\main\AndroidManifest.xml:6:5-81
12-->src\main\AndroidManifest.xml:6:22-78
13    <uses-permission android:name="android.permission.READ_EXTERNAL_STORAGE" />
13-->src\main\AndroidManifest.xml:7:5-80
13-->src\main\AndroidManifest.xml:7:22-77
14    <uses-permission android:name="android.permission.ACCESS_NETWORK_STATE" />
14-->src\main\AndroidManifest.xml:8:5-79
14-->src\main\AndroidManifest.xml:8:22-76
15    <uses-permission android:name="android.permission.ACCESS_WIFI_STATE" />
15-->src\main\AndroidManifest.xml:9:5-76
15-->src\main\AndroidManifest.xml:9:22-73
16    <uses-permission android:name="android.permission.CHANGE_WIFI_MULTICAST_STATE" />
16-->src\main\AndroidManifest.xml:10:5-86
16-->src\main\AndroidManifest.xml:10:22-83
17    <uses-permission android:name="android.permission.CHANGE_WIFI_STATE" />
17-->src\main\AndroidManifest.xml:11:5-76
17-->src\main\AndroidManifest.xml:11:22-73
18    <uses-permission android:name="android.permission.REORDER_TASKS" />
18-->src\main\AndroidManifest.xml:12:5-72
18-->src\main\AndroidManifest.xml:12:22-69
19    <uses-permission android:name="android.permission.SYSTEM_ALERT_WINDOW" />
19-->src\main\AndroidManifest.xml:13:5-78
19-->src\main\AndroidManifest.xml:13:22-75
20    <uses-permission android:name="android.permission.VIBRATE" />
20-->src\main\AndroidManifest.xml:14:5-66
20-->src\main\AndroidManifest.xml:14:22-63
21    <uses-permission android:name="android.permission.FLASHLIGHT" />
21-->src\main\AndroidManifest.xml:15:5-69
21-->src\main\AndroidManifest.xml:15:22-66
22    <uses-permission android:name="android.permission.CAMERA" />
22-->src\main\AndroidManifest.xml:16:5-65
22-->src\main\AndroidManifest.xml:16:22-62
23
24    <uses-feature android:name="android.hardware.camera" />
24-->src\main\AndroidManifest.xml:18:5-60
24-->src\main\AndroidManifest.xml:18:19-57
25    <uses-feature android:name="android.hardware.camera.autofocus" />
25-->src\main\AndroidManifest.xml:19:5-70
25-->src\main\AndroidManifest.xml:19:19-67
26
27    <uses-permission android:name="android.permission.RECORD_AUDIO" />
27-->src\main\AndroidManifest.xml:21:5-71
27-->src\main\AndroidManifest.xml:21:22-68
28    <uses-permission android:name="android.permission.MODIFY_AUDIO_SETTINGS" />
28-->src\main\AndroidManifest.xml:22:5-80
28-->src\main\AndroidManifest.xml:22:22-77
29    <uses-permission android:name="android.permission.KILL_BACKGROUND_PROCESSES" />
29-->src\main\AndroidManifest.xml:23:5-84
29-->src\main\AndroidManifest.xml:23:22-81
30    <uses-permission android:name="android.permission.PROCESS_OUTGOING_CALLS" />
30-->src\main\AndroidManifest.xml:24:5-81
30-->src\main\AndroidManifest.xml:24:22-78
31    <uses-permission android:name="android.permission.READ_CONTACTS" />
31-->src\main\AndroidManifest.xml:25:5-72
31-->src\main\AndroidManifest.xml:25:22-69
32    <uses-permission android:name="android.permission.WRITE_CONTACTS" />
32-->src\main\AndroidManifest.xml:26:5-73
32-->src\main\AndroidManifest.xml:26:22-70
33    <uses-permission android:name="android.permission.CALL_PHONE" />
33-->src\main\AndroidManifest.xml:27:5-69
33-->src\main\AndroidManifest.xml:27:22-66
34    <uses-permission android:name="android.permission.WAKE_LOCK" />
34-->src\main\AndroidManifest.xml:28:5-68
34-->src\main\AndroidManifest.xml:28:22-65
35    <uses-permission android:name="android.permission.READ_PHONE_STATE" />
35-->src\main\AndroidManifest.xml:29:5-75
35-->src\main\AndroidManifest.xml:29:22-72
36    <uses-permission android:name="android.permission.RECEIVE_BOOT_COMPLETED" />
36-->src\main\AndroidManifest.xml:30:5-81
36-->src\main\AndroidManifest.xml:30:22-78
37    <uses-permission android:name="android.permission.GET_ACCOUNTS" />
37-->src\main\AndroidManifest.xml:31:5-71
37-->src\main\AndroidManifest.xml:31:22-68
38    <uses-permission android:name="android.permission.USE_CREDENTIALS" />
38-->src\main\AndroidManifest.xml:32:5-74
38-->src\main\AndroidManifest.xml:32:22-71
39    <uses-permission android:name="android.permission.MANAGE_ACCOUNTS" />
39-->src\main\AndroidManifest.xml:33:5-74
39-->src\main\AndroidManifest.xml:33:22-71
40    <uses-permission android:name="android.permission.AUTHENTICATE_ACCOUNTS" />
40-->src\main\AndroidManifest.xml:34:5-80
40-->src\main\AndroidManifest.xml:34:22-77
41    <uses-permission android:name="com.android.launcher.permission.READ_SETTINGS" />
41-->src\main\AndroidManifest.xml:35:5-85
41-->src\main\AndroidManifest.xml:35:22-82
42    <uses-permission android:name="android.permission.BROADCAST_STICKY" />
42-->src\main\AndroidManifest.xml:36:5-75
42-->src\main\AndroidManifest.xml:36:22-72
43    <uses-permission android:name="android.permission.SEND_SMS" />
43-->src\main\AndroidManifest.xml:37:5-67
43-->src\main\AndroidManifest.xml:37:22-64
44    <uses-permission android:name="android.permission.READ_PROFILE" />
44-->src\main\AndroidManifest.xml:38:5-71
44-->src\main\AndroidManifest.xml:38:22-68
45    <uses-permission android:name="android.permission.DOWNLOAD_WITHOUT_NOTIFICATION" />
45-->src\main\AndroidManifest.xml:39:5-88
45-->src\main\AndroidManifest.xml:39:22-85
46    <uses-permission android:name="android.permission.BLUETOOTH" />
46-->src\main\AndroidManifest.xml:40:5-68
46-->src\main\AndroidManifest.xml:40:22-65
47    <uses-permission android:name="android.permission.BLUETOOTH_ADMIN" />
47-->src\main\AndroidManifest.xml:41:5-74
47-->src\main\AndroidManifest.xml:41:22-71
48    <uses-permission android:name="android.permission.RECEIVE_USER_PRESENT" />
48-->src\main\AndroidManifest.xml:42:5-79
48-->src\main\AndroidManifest.xml:42:22-76
49
50    <uses-feature
50-->src\main\AndroidManifest.xml:44:5-46:35
51        android:name="android.hardware.bluetooth_le"
51-->src\main\AndroidManifest.xml:45:9-53
52        android:required="true" />
52-->src\main\AndroidManifest.xml:46:9-32
53    <!-- 粗略位置 -->
54    <uses-permission android:name="android.permission.ACCESS_COARSE_LOCATION" />
54-->src\main\AndroidManifest.xml:48:5-81
54-->src\main\AndroidManifest.xml:48:22-78
55    <!-- 精确位置 -->
56    <uses-permission android:name="android.permission.ACCESS_FINE_LOCATION" />
56-->src\main\AndroidManifest.xml:50:5-79
56-->src\main\AndroidManifest.xml:50:22-76
57
58    <application
58-->src\main\AndroidManifest.xml:52:5-221:19
59        android:name="com.style.app.MyApp"
59-->src\main\AndroidManifest.xml:53:9-43
60        android:allowBackup="false"
60-->src\main\AndroidManifest.xml:54:9-36
61        android:appComponentFactory="androidx.core.app.CoreComponentFactory"
61-->[androidx.core:core:1.5.0] AndroidManifest.xml:24:18-86
62        android:debuggable="true"
63        android:icon="@mipmap/ic_launcher"
63-->src\main\AndroidManifest.xml:55:9-43
64        android:label="@string/app_name"
64-->src\main\AndroidManifest.xml:56:9-41
65        android:networkSecurityConfig="@xml/network_security_config"
65-->src\main\AndroidManifest.xml:57:9-69
66        android:resizeableActivity="false"
66-->src\main\AndroidManifest.xml:58:9-43
67        android:supportsRtl="false"
67-->src\main\AndroidManifest.xml:59:9-36
68        android:theme="@style/BaseAppTheme" >
68-->src\main\AndroidManifest.xml:60:9-44
69        <activity
69-->src\main\AndroidManifest.xml:64:9-72:20
70            android:name="example.home.MainActivity"
70-->src\main\AndroidManifest.xml:65:13-53
71            android:exported="true" >
71-->src\main\AndroidManifest.xml:66:13-36
72            <intent-filter>
72-->src\main\AndroidManifest.xml:67:13-71:29
73                <action android:name="android.intent.action.MAIN" />
73-->src\main\AndroidManifest.xml:68:17-69
73-->src\main\AndroidManifest.xml:68:25-66
74
75                <category android:name="android.intent.category.LAUNCHER" />
75-->src\main\AndroidManifest.xml:70:17-77
75-->src\main\AndroidManifest.xml:70:27-74
76            </intent-filter>
77        </activity>
78        <activity
78-->src\main\AndroidManifest.xml:73:9-75:47
79            android:name="example.login.LoginActivity"
79-->src\main\AndroidManifest.xml:74:13-55
80            android:launchMode="singleTask" />
80-->src\main\AndroidManifest.xml:75:13-44
81        <activity
81-->src\main\AndroidManifest.xml:76:9-78:69
82            android:name="example.viewPagerBanner.BannerActivity"
82-->src\main\AndroidManifest.xml:77:13-66
83            android:theme="@style/AppTheme.Translucent.ImageScan" />
83-->src\main\AndroidManifest.xml:78:13-66
84        <activity android:name="example.dialog.DialogActivity" />
84-->src\main\AndroidManifest.xml:79:9-66
84-->src\main\AndroidManifest.xml:79:19-63
85        <activity android:name="example.activity.SafeKeyboardActivity" />
85-->src\main\AndroidManifest.xml:80:9-74
85-->src\main\AndroidManifest.xml:80:19-71
86        <activity android:name="example.album.SelectLocalPictureActivity" />
86-->src\main\AndroidManifest.xml:82:9-77
86-->src\main\AndroidManifest.xml:82:19-74
87        <activity android:name="example.address.AddressActivity" />
87-->src\main\AndroidManifest.xml:83:9-68
87-->src\main\AndroidManifest.xml:83:19-65
88        <activity
88-->src\main\AndroidManifest.xml:84:9-87:59
89            android:name="example.gesture.VerticalSlideFinishActivity"
89-->src\main\AndroidManifest.xml:85:13-71
90            android:launchMode="singleInstance"
90-->src\main\AndroidManifest.xml:86:13-48
91            android:theme="@style/AppTheme.Translucent" />
91-->src\main\AndroidManifest.xml:87:13-56
92        <activity
92-->src\main\AndroidManifest.xml:88:9-90:59
93            android:name="example.gesture.DispatchGestureActivity"
93-->src\main\AndroidManifest.xml:89:13-67
94            android:theme="@style/AppTheme.Translucent" />
94-->src\main\AndroidManifest.xml:90:13-56
95        <activity android:name="example.gesture.SimpleGestureActivity" />
95-->src\main\AndroidManifest.xml:91:9-74
95-->src\main\AndroidManifest.xml:91:19-71
96        <activity android:name="example.scroll.drag.DragActivity" />
96-->src\main\AndroidManifest.xml:92:9-69
96-->src\main\AndroidManifest.xml:92:19-66
97        <activity android:name="example.scroll.swipeMenu.SwipeMenuActivity" />
97-->src\main\AndroidManifest.xml:93:9-79
97-->src\main\AndroidManifest.xml:93:19-76
98        <activity android:name="example.activity.AnimatorActivity" />
98-->src\main\AndroidManifest.xml:94:9-70
98-->src\main\AndroidManifest.xml:94:19-67
99        <activity android:name="example.activity.ReadAssetsActivity" />
99-->src\main\AndroidManifest.xml:95:9-72
99-->src\main\AndroidManifest.xml:95:19-69
100        <activity android:name="example.dialog.WheelActivity" />
100-->src\main\AndroidManifest.xml:96:9-65
100-->src\main\AndroidManifest.xml:96:19-62
101        <activity android:name="example.filedown.FileDownActivity" />
101-->src\main\AndroidManifest.xml:97:9-70
101-->src\main\AndroidManifest.xml:97:19-67
102        <activity android:name="example.web.WebViewActivity" />
102-->src\main\AndroidManifest.xml:98:9-64
102-->src\main\AndroidManifest.xml:98:19-61
103        <activity android:name="example.web.WebViewAndJSActivity" />
103-->src\main\AndroidManifest.xml:99:9-69
103-->src\main\AndroidManifest.xml:99:19-66
104        <activity android:name="example.media.VideoTestActivity" />
104-->src\main\AndroidManifest.xml:100:9-68
104-->src\main\AndroidManifest.xml:100:19-65
105        <activity android:name="example.media.AudioRecordActivity" />
105-->src\main\AndroidManifest.xml:101:9-70
105-->src\main\AndroidManifest.xml:101:19-67
106        <activity android:name="example.media.socket.chat.SocketTestActivity" />
106-->src\main\AndroidManifest.xml:102:9-81
106-->src\main\AndroidManifest.xml:102:19-78
107        <activity android:name="example.media.video.LocalVideoActivity" />
107-->src\main\AndroidManifest.xml:103:9-75
107-->src\main\AndroidManifest.xml:103:19-72
108        <activity android:name="example.media.video.VideoRecorderActivity" />
108-->src\main\AndroidManifest.xml:104:9-78
108-->src\main\AndroidManifest.xml:104:19-75
109        <activity android:name="example.wifi.WifiTestActivity" />
109-->src\main\AndroidManifest.xml:105:9-66
109-->src\main\AndroidManifest.xml:105:19-63
110        <activity android:name="example.queue.QueueTestActivity" />
110-->src\main\AndroidManifest.xml:106:9-68
110-->src\main\AndroidManifest.xml:106:19-65
111        <activity android:name="example.db.TestRoomActivity" />
111-->src\main\AndroidManifest.xml:107:9-64
111-->src\main\AndroidManifest.xml:107:19-61
112        <activity android:name="example.subThreadLooper.MsgToSubActivity" />
112-->src\main\AndroidManifest.xml:108:9-77
112-->src\main\AndroidManifest.xml:108:19-74
113        <activity android:name="example.activity.JniTestActivity" />
113-->src\main\AndroidManifest.xml:109:9-69
113-->src\main\AndroidManifest.xml:109:19-66
114        <activity android:name="example.aidl.AidlActivity" />
114-->src\main\AndroidManifest.xml:110:9-62
114-->src\main\AndroidManifest.xml:110:19-59
115        <activity android:name="example.encrypt.EncryptActivity" />
115-->src\main\AndroidManifest.xml:111:9-68
115-->src\main\AndroidManifest.xml:111:19-65
116        <activity android:name="example.web_service.WebServiceActivity" />
116-->src\main\AndroidManifest.xml:112:9-75
116-->src\main\AndroidManifest.xml:112:19-72
117        <activity android:name="example.web_service.CoroutineActivity" />
117-->src\main\AndroidManifest.xml:113:9-74
117-->src\main\AndroidManifest.xml:113:19-71
118        <activity android:name="example.activity.GlideDealActivity" />
118-->src\main\AndroidManifest.xml:114:9-71
118-->src\main\AndroidManifest.xml:114:19-68
119        <activity android:name="example.activity.QRCodeActivity" />
119-->src\main\AndroidManifest.xml:115:9-68
119-->src\main\AndroidManifest.xml:115:19-65
120        <activity android:name="example.activity.PreviewActivity" />
120-->src\main\AndroidManifest.xml:116:9-69
120-->src\main\AndroidManifest.xml:116:19-66
121        <activity
121-->src\main\AndroidManifest.xml:117:9-119:46
122            android:name="example.editLayout.EditLayoutChangeActivity"
122-->src\main\AndroidManifest.xml:118:13-71
123            android:launchMode="singleTop" />
123-->src\main\AndroidManifest.xml:119:13-43
124        <activity android:name="example.fragmentAdapter.TabViewPager2Activity" />
124-->src\main\AndroidManifest.xml:120:9-82
124-->src\main\AndroidManifest.xml:120:19-79
125        <activity android:name="example.fragmentAdapter.ViewPager2Activity" />
125-->src\main\AndroidManifest.xml:121:9-79
125-->src\main\AndroidManifest.xml:121:19-76
126        <activity
126-->src\main\AndroidManifest.xml:122:9-124:70
127            android:name="example.editLayout.FullScreenBottomEditLayoutActivity"
127-->src\main\AndroidManifest.xml:123:13-81
128            android:windowSoftInputMode="adjustResize|stateHidden" />
128-->src\main\AndroidManifest.xml:124:13-67
129        <activity android:name="example.customView.CustomViewMainActivity" />
129-->src\main\AndroidManifest.xml:125:9-78
129-->src\main\AndroidManifest.xml:125:19-75
130        <activity android:name="example.customView.WriteWordActivity" />
130-->src\main\AndroidManifest.xml:126:9-73
130-->src\main\AndroidManifest.xml:126:19-70
131        <activity android:name="example.customView.DrawViewActivity" />
131-->src\main\AndroidManifest.xml:127:9-72
131-->src\main\AndroidManifest.xml:127:19-69
132        <activity android:name="example.customView.SuspendWindowActivity" />
132-->src\main\AndroidManifest.xml:128:9-77
132-->src\main\AndroidManifest.xml:128:19-74
133        <activity android:name="example.customView.HeartLineActivity" />
133-->src\main\AndroidManifest.xml:129:9-73
133-->src\main\AndroidManifest.xml:129:19-70
134        <activity android:name="example.customView.TempActivity" />
134-->src\main\AndroidManifest.xml:130:9-68
134-->src\main\AndroidManifest.xml:130:19-65
135        <activity android:name="example.customView.BpActivity" />
135-->src\main\AndroidManifest.xml:131:9-66
135-->src\main\AndroidManifest.xml:131:19-63
136        <activity android:name="example.customView.ReportTrendActivity" />
136-->src\main\AndroidManifest.xml:132:9-75
136-->src\main\AndroidManifest.xml:132:19-72
137        <activity android:name="example.customView.SleepWeekActivity" />
137-->src\main\AndroidManifest.xml:133:9-73
137-->src\main\AndroidManifest.xml:133:19-70
138        <activity android:name="example.customView.SportWeekActivity" />
138-->src\main\AndroidManifest.xml:134:9-73
138-->src\main\AndroidManifest.xml:134:19-70
139        <activity android:name="example.customView.EcgActivity" />
139-->src\main\AndroidManifest.xml:135:9-136:60
139-->src\main\AndroidManifest.xml:136:13-58
140        <activity android:name="example.customView.RecordAudioViewActivity" />
140-->src\main\AndroidManifest.xml:137:9-79
140-->src\main\AndroidManifest.xml:137:19-76
141        <activity android:name="example.gesture.XXRefreshActivity" />
141-->src\main\AndroidManifest.xml:138:9-70
141-->src\main\AndroidManifest.xml:138:19-67
142        <activity android:name="example.activity.BottomSheetBehaviorActivity" />
142-->src\main\AndroidManifest.xml:139:9-81
142-->src\main\AndroidManifest.xml:139:19-78
143        <activity
143-->src\main\AndroidManifest.xml:140:9-142:59
144            android:name="example.viewPager.ImageScanActivity"
144-->src\main\AndroidManifest.xml:141:13-63
145            android:theme="@style/AppTheme.Translucent" />
145-->src\main\AndroidManifest.xml:142:13-56
146        <activity android:name="example.viewPager.GlideListActivity" />
146-->src\main\AndroidManifest.xml:143:9-72
146-->src\main\AndroidManifest.xml:143:19-69
147        <activity android:name="example.music.MusicListActivity" />
147-->src\main\AndroidManifest.xml:144:9-68
147-->src\main\AndroidManifest.xml:144:19-65
148        <activity android:name="com.style.service.remote.RemotePlayActivity" />
148-->src\main\AndroidManifest.xml:145:9-80
148-->src\main\AndroidManifest.xml:145:19-77
149        <activity
149-->src\main\AndroidManifest.xml:146:9-148:64
150            android:name="example.scroll.ScrollingActivity"
150-->src\main\AndroidManifest.xml:147:13-60
151            android:label="@string/title_activity_scrolling" />
151-->src\main\AndroidManifest.xml:148:13-61
152        <activity
152-->src\main\AndroidManifest.xml:149:9-151:64
153            android:name="example.scroll.scroll_stop.ScrollingStopTopActivity"
153-->src\main\AndroidManifest.xml:150:13-79
154            android:label="@string/title_activity_scrolling" />
154-->src\main\AndroidManifest.xml:151:13-61
155        <activity
155-->src\main\AndroidManifest.xml:152:9-154:64
156            android:name="example.scroll.ScrollingParallaxActivity"
156-->src\main\AndroidManifest.xml:153:13-68
157            android:label="@string/title_activity_scrolling" />
157-->src\main\AndroidManifest.xml:154:13-61
158        <activity android:name="example.viewPagerCards.fragments.CardFragmentActivity" />
158-->src\main\AndroidManifest.xml:155:9-90
158-->src\main\AndroidManifest.xml:155:19-87
159        <activity android:name="example.viewPagerCards.views.CardActivity" />
159-->src\main\AndroidManifest.xml:156:9-78
159-->src\main\AndroidManifest.xml:156:19-75
160        <activity android:name="example.location.LocationActivity" />
160-->src\main\AndroidManifest.xml:157:9-70
160-->src\main\AndroidManifest.xml:157:19-67
161
162        <!-- Service及其他 -->
163
164
165        <!-- APP新版本下载服务 -->
166        <service
166-->src\main\AndroidManifest.xml:162:9-169:19
167            android:name="com.style.service.appNewVersion.DownNewAppService"
167-->src\main\AndroidManifest.xml:163:13-77
168            android:enabled="true"
168-->src\main\AndroidManifest.xml:164:13-35
169            android:exported="false" >
169-->src\main\AndroidManifest.xml:165:13-37
170            <intent-filter android:priority="888" >
170-->src\main\AndroidManifest.xml:166:13-168:29
170-->src\main\AndroidManifest.xml:166:28-50
171                <action android:name="com.style.download.new.version" />
171-->src\main\AndroidManifest.xml:167:17-73
171-->src\main\AndroidManifest.xml:167:25-70
172            </intent-filter>
173        </service>
174        <service
174-->src\main\AndroidManifest.xml:170:9-177:19
175            android:name="com.style.service.fileDownload.FileDownloadService"
175-->src\main\AndroidManifest.xml:171:13-78
176            android:enabled="true"
176-->src\main\AndroidManifest.xml:172:13-35
177            android:exported="false" >
177-->src\main\AndroidManifest.xml:173:13-37
178            <intent-filter android:priority="1000" >
178-->src\main\AndroidManifest.xml:174:13-176:29
178-->src\main\AndroidManifest.xml:174:28-51
179                <action android:name="com.style.file.download" />
179-->src\main\AndroidManifest.xml:175:17-66
179-->src\main\AndroidManifest.xml:175:25-63
180            </intent-filter>
181        </service>
182        <!-- exported：是否允许外部应用程序访问，版本为16或者更低时他的默认值是true。如果是17和以上的版本默认值是false。 -->
183        <!-- google大坑，不注册竟然不报错 -->
184        <service
184-->src\main\AndroidManifest.xml:180:9-186:19
185            android:name="com.style.service.music.PlayMusicService"
185-->src\main\AndroidManifest.xml:181:13-68
186            android:exported="false" >
186-->src\main\AndroidManifest.xml:182:13-37
187            <intent-filter android:priority="998" >
187-->src\main\AndroidManifest.xml:183:13-185:29
187-->src\main\AndroidManifest.xml:183:28-50
188                <action android:name="music.play.service" />
188-->src\main\AndroidManifest.xml:184:17-61
188-->src\main\AndroidManifest.xml:184:25-58
189            </intent-filter>
190        </service>
191        <!-- 语音悬浮服务 -->
192        <service android:name="com.style.service.suspendWindow.VoiceSuspendService" />
192-->src\main\AndroidManifest.xml:188:9-87
192-->src\main\AndroidManifest.xml:188:18-84
193        <!-- 视频悬浮服务 -->
194        <service android:name="com.style.service.suspendWindow.VideoSuspendService" />
194-->src\main\AndroidManifest.xml:190:9-87
194-->src\main\AndroidManifest.xml:190:18-84
195        <!-- 来电悬浮服务 -->
196        <service android:name="com.style.service.suspendWindow.CallInSuspendService" />
196-->src\main\AndroidManifest.xml:192:9-88
196-->src\main\AndroidManifest.xml:192:18-85
197        <!-- 单独进行播放音乐服务 -->
198        <service
198-->src\main\AndroidManifest.xml:194:9-201:19
199            android:name="com.style.service.remote.RemotePlayService"
199-->src\main\AndroidManifest.xml:195:13-70
200            android:exported="false"
200-->src\main\AndroidManifest.xml:197:13-37
201            android:process="com.offline.message" >
201-->src\main\AndroidManifest.xml:196:13-50
202            <intent-filter android:priority="999" >
202-->src\main\AndroidManifest.xml:198:13-200:29
202-->src\main\AndroidManifest.xml:198:28-50
203                <action android:name="action.remote.play" />
203-->src\main\AndroidManifest.xml:199:17-61
203-->src\main\AndroidManifest.xml:199:25-58
204            </intent-filter>
205        </service>
206
207        <meta-data
207-->src\main\AndroidManifest.xml:203:9-205:56
208            android:name="UMENG_APPKEY"
208-->src\main\AndroidManifest.xml:204:13-40
209            android:value="59350c69c62dca17b8000f82" />
209-->src\main\AndroidManifest.xml:205:13-53
210        <!-- 友盟统计app渠道来源时需要的字段信息 -->
211        <meta-data
212            android:name="UMENG_CHANNEL"
212-->src\main\AndroidManifest.xml:208:13-41
213            android:value="豌豆荚" />
213-->src\main\AndroidManifest.xml:209:13-43
214        <!-- 阿里热修复 -->
215        <meta-data
215-->src\main\AndroidManifest.xml:211:9-213:40
216            android:name="com.taobao.android.hotfix.IDSECRET"
216-->src\main\AndroidManifest.xml:212:13-62
217            android:value="24874332" />
217-->src\main\AndroidManifest.xml:213:13-37
218        <meta-data
218-->src\main\AndroidManifest.xml:214:9-216:64
219            android:name="com.taobao.android.hotfix.APPSECRET"
219-->src\main\AndroidManifest.xml:215:13-63
220            android:value="fc195ecea3d8d858c497193e0804e134" />
220-->src\main\AndroidManifest.xml:216:13-61
221        <meta-data
221-->src\main\AndroidManifest.xml:217:9-219:37
222            android:name="com.taobao.android.hotfix.RSASECRET"
222-->src\main\AndroidManifest.xml:218:13-63
223            android:value="RSA密钥" />
223-->src\main\AndroidManifest.xml:219:13-34
224
225        <activity
225-->[:lib_zxing] AndroidManifest.xml:14:9-18:45
226            android:name="com.google.zxing.activity.CaptureActivity"
226-->[:lib_zxing] AndroidManifest.xml:15:13-69
227            android:launchMode="singleTask"
227-->[:lib_zxing] AndroidManifest.xml:16:13-44
228            android:screenOrientation="portrait"
228-->[:lib_zxing] AndroidManifest.xml:17:13-49
229            android:theme="@style/scaner" />
229-->[:lib_zxing] AndroidManifest.xml:18:13-42
230        <activity
230-->[:lib_common] AndroidManifest.xml:11:9-14:72
231            android:name="tech.gaolinfeng.imagecrop.lib.ImageCropActivity"
231-->[:lib_common] AndroidManifest.xml:12:13-75
232            android:screenOrientation="portrait"
232-->[:lib_common] AndroidManifest.xml:13:13-49
233            android:theme="@style/Theme.AppCompat.Light.NoActionBar" /> <!-- 自定义FileProvider来避免冲突, 对应的resource也要保证唯一 -->
233-->[:lib_common] AndroidManifest.xml:14:13-69
234        <provider
234-->[:lib_common] AndroidManifest.xml:16:9-24:20
235            android:name="androidx.core.content.FileProvider"
235-->[:lib_common] AndroidManifest.xml:17:13-62
236            android:authorities="com.style.file.provider"
236-->[:lib_common] AndroidManifest.xml:18:13-58
237            android:exported="false"
237-->[:lib_common] AndroidManifest.xml:19:13-37
238            android:grantUriPermissions="true" >
238-->[:lib_common] AndroidManifest.xml:20:13-47
239            <meta-data
239-->[:lib_common] AndroidManifest.xml:21:13-23:58
240                android:name="android.support.FILE_PROVIDER_PATHS"
240-->[:lib_common] AndroidManifest.xml:22:17-67
241                android:resource="@xml/provider_paths" />
241-->[:lib_common] AndroidManifest.xml:23:17-55
242        </provider>
243
244        <activity
244-->[:lib_media_picker] AndroidManifest.xml:10:9-14:63
245            android:name="com.dmcbig.mediapicker.PickerActivity"
245-->[:lib_media_picker] AndroidManifest.xml:11:13-65
246            android:configChanges="orientation|screenSize"
246-->[:lib_media_picker] AndroidManifest.xml:12:13-59
247            android:theme="@style/Theme.AppCompat.NoActionBar"
247-->[:lib_media_picker] AndroidManifest.xml:13:13-63
248            android:windowSoftInputMode="stateAlwaysHidden" />
248-->[:lib_media_picker] AndroidManifest.xml:14:13-60
249        <activity
249-->[:lib_media_picker] AndroidManifest.xml:15:9-19:63
250            android:name="com.dmcbig.mediapicker.PreviewActivity"
250-->[:lib_media_picker] AndroidManifest.xml:16:13-66
251            android:configChanges="orientation|screenSize"
251-->[:lib_media_picker] AndroidManifest.xml:17:13-59
252            android:theme="@style/Theme.AppCompat.NoActionBar"
252-->[:lib_media_picker] AndroidManifest.xml:18:13-63
253            android:windowSoftInputMode="stateAlwaysHidden" />
253-->[:lib_media_picker] AndroidManifest.xml:19:13-60
254        <activity
254-->[:lib_media_picker] AndroidManifest.xml:20:9-24:63
255            android:name="com.dmcbig.mediapicker.TakePhotoActivity"
255-->[:lib_media_picker] AndroidManifest.xml:21:13-68
256            android:configChanges="orientation|screenSize"
256-->[:lib_media_picker] AndroidManifest.xml:22:13-59
257            android:theme="@style/Theme.AppCompat.NoActionBar"
257-->[:lib_media_picker] AndroidManifest.xml:23:13-63
258            android:windowSoftInputMode="stateAlwaysHidden" />
258-->[:lib_media_picker] AndroidManifest.xml:24:13-60
259        <activity
259-->[:lib_video_record] AndroidManifest.xml:8:9-10:58
260            android:name="com.style.lib.media.video.PlayVideoActivity"
260-->[:lib_video_record] AndroidManifest.xml:9:13-71
261            android:theme="@style/LibVideoRecordTheme" />
261-->[:lib_video_record] AndroidManifest.xml:10:13-55
262        <activity android:name="com.style.lib.media.video.VideoRecordOldActivity" />
262-->[:lib_video_record] AndroidManifest.xml:11:9-85
262-->[:lib_video_record] AndroidManifest.xml:11:19-82
263        <activity
263-->[:lib_video_record] AndroidManifest.xml:12:9-14:58
264            android:name="com.style.lib.media.camera2video.Camera2Activity"
264-->[:lib_video_record] AndroidManifest.xml:13:13-76
265            android:theme="@style/LibVideoRecordTheme" />
265-->[:lib_video_record] AndroidManifest.xml:14:13-55
266
267        <meta-data
267-->[com.github.bumptech.glide:okhttp3-integration:4.9.0] AndroidManifest.xml:11:9-13:43
268            android:name="com.bumptech.glide.integration.okhttp3.OkHttpGlideModule"
268-->[com.github.bumptech.glide:okhttp3-integration:4.9.0] AndroidManifest.xml:12:13-84
269            android:value="GlideModule" />
269-->[com.github.bumptech.glide:okhttp3-integration:4.9.0] AndroidManifest.xml:13:13-40
270
271        <service
271-->[com.aliyun.ams:alicloud-android-hotfix:3.2.2] AndroidManifest.xml:16:9-24:19
272            android:name="com.taobao.sophix.aidl.DownloadService"
272-->[com.aliyun.ams:alicloud-android-hotfix:3.2.2] AndroidManifest.xml:17:13-66
273            android:exported="true" >